\BOOKMARK [0][-]{section*.2}{HALAMAN JUDUL}{}% 1
\BOOKMARK [0][-]{section*.4}{LEMBAR PERSETUJUAN}{}% 2
\BOOKMARK [0][-]{section*.5}{LEMBAR PERNYATAAN ORISINALITAS}{}% 3
\BOOKMARK [0][-]{section*.6}{LEMBAR PENGESAHAN}{}% 4
\BOOKMARK [0][-]{section*.7}{Kata Pengantar}{}% 5
\BOOKMARK [0][-]{section*.8}{LEMBAR PERSETUJUAN PUBLIKASI ILMIAH}{}% 6
\BOOKMARK [0][-]{section*.9}{ABSTRAK}{}% 7
\BOOKMARK [0][-]{section*.9}{Daftar Isi}{}% 8
\BOOKMARK [0][-]{section*.9}{Daftar Gambar}{}% 9
\BOOKMARK [0][-]{section*.9}{Daftar Tabel}{}% 10
\BOOKMARK [0][-]{chapter.1}{1 Pendahuluan}{}% 11
\BOOKMARK [1][-]{section.1.1}{1.1 Latar Belakang}{chapter.1}% 12
\BOOKMARK [1][-]{section.1.2}{1.2 Permasalahan}{chapter.1}% 13
\BOOKMARK [2][-]{subsection.1.2.1}{1.2.1 Definisi Permasalahan}{section.1.2}% 14
\BOOKMARK [2][-]{subsection.1.2.2}{1.2.2 Batasan Permasalahan}{section.1.2}% 15
\BOOKMARK [1][-]{section.1.3}{1.3 Tujuan}{chapter.1}% 16
\BOOKMARK [1][-]{section.1.4}{1.4 Posisi Penelitian}{chapter.1}% 17
\BOOKMARK [1][-]{section.1.5}{1.5 Sistematika Penulisan}{chapter.1}% 18
\BOOKMARK [0][-]{chapter.2}{2 Landasan Teori}{}% 19
\BOOKMARK [1][-]{section.2.1}{2.1 Drug dicovery}{chapter.2}% 20
\BOOKMARK [1][-]{section.2.2}{2.2 Computational Drug discovery}{chapter.2}% 21
\BOOKMARK [1][-]{section.2.3}{2.3 Molecular Docking}{chapter.2}% 22
\BOOKMARK [1][-]{section.2.4}{2.4 Autodock dan Autodock Vina}{chapter.2}% 23
\BOOKMARK [1][-]{section.2.5}{2.5 Kemampuan Komputasi}{chapter.2}% 24
\BOOKMARK [1][-]{section.2.6}{2.6 Cloud Computing}{chapter.2}% 25
\BOOKMARK [1][-]{section.2.7}{2.7 Virtualisasi}{chapter.2}% 26
\BOOKMARK [1][-]{section.2.8}{2.8 Virtual Machine}{chapter.2}% 27
\BOOKMARK [1][-]{section.2.9}{2.9 Docker}{chapter.2}% 28
\BOOKMARK [0][-]{chapter.3}{3 Metodologi Penelitian}{}% 29
\BOOKMARK [1][-]{section.3.1}{3.1 Tahapan Penelitian}{chapter.3}% 30
\BOOKMARK [2][-]{subsection.3.1.1}{3.1.1 Workflow Penelitian}{section.3.1}% 31
\BOOKMARK [1][-]{section.3.2}{3.2 Sistem Pendukung Penelitian}{chapter.3}% 32
\BOOKMARK [1][-]{section.3.3}{3.3 Data Penelitian}{chapter.3}% 33
\BOOKMARK [2][-]{subsection.3.3.1}{3.3.1 Pemilihan Data}{section.3.3}% 34
\BOOKMARK [2][-]{subsection.3.3.2}{3.3.2 Pemrosesan Data}{section.3.3}% 35
\BOOKMARK [1][-]{section.3.4}{3.4 Skenario Eksperimen Penelitian}{chapter.3}% 36
\BOOKMARK [1][-]{section.3.5}{3.5 Pengukuran Kinerja}{chapter.3}% 37
\BOOKMARK [0][-]{chapter.4}{4 Hasil Penelitian dan Analisis}{}% 38
\BOOKMARK [1][-]{section.4.1}{4.1 Hasil Penelitian}{chapter.4}% 39
\BOOKMARK [1][-]{section.4.2}{4.2 Analisis}{chapter.4}% 40
\BOOKMARK [0][-]{chapter.5}{5 Penutup}{}% 41
\BOOKMARK [1][-]{section.5.1}{5.1 Kesimpulan}{chapter.5}% 42
\BOOKMARK [1][-]{section.5.2}{5.2 Kendala}{chapter.5}% 43
\BOOKMARK [1][-]{section.5.3}{5.3 Saran}{chapter.5}% 44
\BOOKMARK [0][-]{section.5.3}{Daftar Referensi}{}% 45
\BOOKMARK [0][-]{section*.40}{LAMPIRAN}{}% 46
\BOOKMARK [0][-]{section*.41}{Lampiran A}{}% 47
\BOOKMARK [0][-]{section*.42}{Lampiran B}{}% 48
\BOOKMARK [0][-]{section*.44}{Lampiran C}{}% 49
\BOOKMARK [0][-]{section*.45}{Lampiran D}{}% 50
