This is pdfTeX, Version 3.1415926-2.5-1.40.14 (MiKTeX 2.9 64-bit) (preloaded format=pdflatex 2015.3.8)  17 JUL 2015 21:17
entering extended mode
**thesis.tex
(C:\Users\agungputra\Documents\Skripshit\thesis.tex
LaTeX2e <2011/06/27>
Babel <v3.8m> and hyphenation patterns for english, afrikaans, ancientgreek, ar
abic, armenian, assamese, basque, bengali, bokmal, bulgarian, catalan, coptic, 
croatian, czech, danish, dutch, esperanto, estonian, farsi, finnish, french, ga
lician, german, german-x-2013-05-26, greek, gujarati, hindi, hungarian, iceland
ic, indonesian, interlingua, irish, italian, kannada, kurmanji, latin, latvian,
 lithuanian, malayalam, marathi, mongolian, mongolianlmc, monogreek, ngerman, n
german-x-2013-05-26, nynorsk, oriya, panjabi, pinyin, polish, portuguese, roman
ian, russian, sanskrit, serbian, slovak, slovenian, spanish, swedish, swissgerm
an, tamil, telugu, turkish, turkmen, ukenglish, ukrainian, uppersorbian, usengl
ishmax, welsh, loaded.
("C:\Program Files\MiKTeX 2.9\tex\latex\base\report.cls"
Document Class: report 2007/10/19 v1.4h Standard LaTeX document class
("C:\Program Files\MiKTeX 2.9\tex\latex\base\size12.clo"
File: size12.clo 2007/10/19 v1.4h Standard LaTeX file (size option)
)
\c@part=\count79
\c@chapter=\count80
\c@section=\count81
\c@subsection=\count82
\c@subsubsection=\count83
\c@paragraph=\count84
\c@subparagraph=\count85
\c@figure=\count86
\c@table=\count87
\abovecaptionskip=\skip41
\belowcaptionskip=\skip42
\bibindent=\dimen102
)
(C:\Users\agungputra\Documents\Skripshit\uithesis.sty
("C:\Program Files\MiKTeX 2.9\tex\latex\tocbibind\tocbibind.sty"
Package: tocbibind 2010/10/13 v1.5k extra ToC listings
Package tocbibind Info: The document has chapter divisions on input line 50.


Package tocbibind Note: Using chapter style headings, unless overridden.

) ("C:\Program Files\MiKTeX 2.9\tex\latex\hyperref\hyperref.sty"
Package: hyperref 2012/11/06 v6.83m Hypertext links for LaTeX

("C:\Program Files\MiKTeX 2.9\tex\generic\oberdiek\hobsub-hyperref.sty"
Package: hobsub-hyperref 2012/04/25 v1.12 Bundle oberdiek, subset hyperref (HO)


("C:\Program Files\MiKTeX 2.9\tex\generic\oberdiek\hobsub-generic.sty"
Package: hobsub-generic 2012/04/25 v1.12 Bundle oberdiek, subset generic (HO)
Package: hobsub 2012/04/25 v1.12 Construct package bundles (HO)
Package: infwarerr 2010/04/08 v1.3 Providing info/warning/error messages (HO)
Package: ltxcmds 2011/11/09 v1.22 LaTeX kernel commands for general use (HO)
Package: ifluatex 2010/03/01 v1.3 Provides the ifluatex switch (HO)
Package ifluatex Info: LuaTeX not detected.
Package: ifvtex 2010/03/01 v1.5 Detect VTeX and its facilities (HO)
Package ifvtex Info: VTeX not detected.
Package: intcalc 2007/09/27 v1.1 Expandable calculations with integers (HO)
Package: ifpdf 2011/01/30 v2.3 Provides the ifpdf switch (HO)
Package ifpdf Info: pdfTeX in PDF mode is detected.
Package: etexcmds 2011/02/16 v1.5 Avoid name clashes with e-TeX commands (HO)
Package etexcmds Info: Could not find \expanded.
(etexcmds)             That can mean that you are not using pdfTeX 1.50 or
(etexcmds)             that some package has redefined \expanded.
(etexcmds)             In the latter case, load this package earlier.
Package: kvsetkeys 2012/04/25 v1.16 Key value parser (HO)
Package: kvdefinekeys 2011/04/07 v1.3 Define keys (HO)
Package: pdftexcmds 2011/11/29 v0.20 Utility functions of pdfTeX for LuaTeX (HO
)
Package pdftexcmds Info: LuaTeX not detected.
Package pdftexcmds Info: \pdf@primitive is available.
Package pdftexcmds Info: \pdf@ifprimitive is available.
Package pdftexcmds Info: \pdfdraftmode found.
Package: pdfescape 2011/11/25 v1.13 Implements pdfTeX's escape features (HO)
Package: bigintcalc 2012/04/08 v1.3 Expandable calculations on big integers (HO
)
Package: bitset 2011/01/30 v1.1 Handle bit-vector datatype (HO)
Package: uniquecounter 2011/01/30 v1.2 Provide unlimited unique counter (HO)
)
Package hobsub Info: Skipping package `hobsub' (already loaded).
Package: letltxmacro 2010/09/02 v1.4 Let assignment for LaTeX macros (HO)
Package: hopatch 2011/06/24 v1.1 Wrapper for package hooks (HO)
Package: xcolor-patch 2011/01/30 xcolor patch
Package: atveryend 2011/06/30 v1.8 Hooks at the very end of document (HO)
Package atveryend Info: \enddocument detected (standard20110627).
Package: atbegshi 2011/10/05 v1.16 At begin shipout hook (HO)
Package: refcount 2011/10/16 v3.4 Data extraction from label references (HO)
Package: hycolor 2011/01/30 v1.7 Color options for hyperref/bookmark (HO)
)
("C:\Program Files\MiKTeX 2.9\tex\latex\graphics\keyval.sty"
Package: keyval 1999/03/16 v1.13 key=value parser (DPC)
\KV@toks@=\toks14
)
("C:\Program Files\MiKTeX 2.9\tex\generic\ifxetex\ifxetex.sty"
Package: ifxetex 2010/09/12 v0.6 Provides ifxetex conditional
)
("C:\Program Files\MiKTeX 2.9\tex\latex\oberdiek\auxhook.sty"
Package: auxhook 2011/03/04 v1.3 Hooks for auxiliary files (HO)
)
("C:\Program Files\MiKTeX 2.9\tex\latex\oberdiek\kvoptions.sty"
Package: kvoptions 2011/06/30 v3.11 Key value format for package options (HO)
)
\@linkdim=\dimen103
\Hy@linkcounter=\count88
\Hy@pagecounter=\count89

("C:\Program Files\MiKTeX 2.9\tex\latex\hyperref\pd1enc.def"
File: pd1enc.def 2012/11/06 v6.83m Hyperref: PDFDocEncoding definition (HO)
)
\Hy@SavedSpaceFactor=\count90

("C:\Program Files\MiKTeX 2.9\tex\latex\00miktex\hyperref.cfg"
File: hyperref.cfg 2002/06/06 v1.2 hyperref configuration of TeXLive
)
Package hyperref Info: Option `final' set `true' on input line 4319.
Package hyperref Info: Hyper figures OFF on input line 4443.
Package hyperref Info: Link nesting OFF on input line 4448.
Package hyperref Info: Hyper index ON on input line 4451.
Package hyperref Info: Plain pages OFF on input line 4458.
Package hyperref Info: Backreferencing OFF on input line 4463.
Package hyperref Info: Implicit mode ON; LaTeX internals redefined.
Package hyperref Info: Bookmarks ON on input line 4688.
\c@Hy@tempcnt=\count91

("C:\Program Files\MiKTeX 2.9\tex\latex\url\url.sty"
\Urlmuskip=\muskip10
Package: url 2013/09/16  ver 3.4  Verb mode for urls, etc.
)
LaTeX Info: Redefining \url on input line 5041.
\XeTeXLinkMargin=\dimen104
\Fld@menulength=\count92
\Field@Width=\dimen105
\Fld@charsize=\dimen106
Package hyperref Info: Hyper figures OFF on input line 6295.
Package hyperref Info: Link nesting OFF on input line 6300.
Package hyperref Info: Hyper index ON on input line 6303.
Package hyperref Info: backreferencing OFF on input line 6310.
Package hyperref Info: Link coloring OFF on input line 6315.
Package hyperref Info: Link coloring with OCG OFF on input line 6320.
Package hyperref Info: PDF/A mode OFF on input line 6325.
LaTeX Info: Redefining \ref on input line 6365.
LaTeX Info: Redefining \pageref on input line 6369.
\Hy@abspage=\count93
\c@Item=\count94
\c@Hfootnote=\count95
)

Package hyperref Message: Driver (autodetected): hpdftex.

("C:\Program Files\MiKTeX 2.9\tex\latex\hyperref\hpdftex.def"
File: hpdftex.def 2012/11/06 v6.83m Hyperref driver for pdfTeX
\Fld@listcount=\count96
\c@bookmark@seq@number=\count97

("C:\Program Files\MiKTeX 2.9\tex\latex\oberdiek\rerunfilecheck.sty"
Package: rerunfilecheck 2011/04/15 v1.7 Rerun checks for auxiliary files (HO)
Package uniquecounter Info: New unique counter `rerunfilecheck' on input line 2
82.
)
\Hy@SectionHShift=\skip43
)

Package hyperref Warning: Option `a4paper' is no longer used.

Package hyperref Info: Option `colorlinks' set `false' on input line 57.
Package hyperref Info: Option `bookmarksopen' set `false' on input line 57.
Package hyperref Info: Option `bookmarksnumbered' set `true' on input line 57.
("C:\Program Files\MiKTeX 2.9\tex\latex\multirow\multirow.sty"
\bigstrutjot=\dimen107
)
("C:\Program Files\MiKTeX 2.9\tex\latex\graphics\graphicx.sty"
Package: graphicx 1999/02/16 v1.0f Enhanced LaTeX Graphics (DPC,SPQR)

("C:\Program Files\MiKTeX 2.9\tex\latex\graphics\graphics.sty"
Package: graphics 2009/02/05 v1.0o Standard LaTeX Graphics (DPC,SPQR)

("C:\Program Files\MiKTeX 2.9\tex\latex\graphics\trig.sty"
Package: trig 1999/03/16 v1.09 sin cos tan (DPC)
)
("C:\Program Files\MiKTeX 2.9\tex\latex\00miktex\graphics.cfg"
File: graphics.cfg 2007/01/18 v1.5 graphics configuration of teTeX/TeXLive
)
Package graphics Info: Driver file: pdftex.def on input line 91.

("C:\Program Files\MiKTeX 2.9\tex\latex\pdftex-def\pdftex.def"
File: pdftex.def 2011/05/27 v0.06d Graphics/color for pdfTeX
\Gread@gobject=\count98
))
\Gin@req@height=\dimen108
\Gin@req@width=\dimen109
)
("C:\Program Files\MiKTeX 2.9\tex\latex\setspace\setspace.sty"
Package: setspace 2011/12/19 v6.7a set line spacing
)
("C:\Program Files\MiKTeX 2.9\tex\latex\geometry\geometry.sty"
Package: geometry 2010/09/12 v5.6 Page Geometry
\Gm@cnth=\count99
\Gm@cntv=\count100
\c@Gm@tempcnt=\count101
\Gm@bindingoffset=\dimen110
\Gm@wd@mp=\dimen111
\Gm@odd@mp=\dimen112
\Gm@even@mp=\dimen113
\Gm@layoutwidth=\dimen114
\Gm@layoutheight=\dimen115
\Gm@layouthoffset=\dimen116
\Gm@layoutvoffset=\dimen117
\Gm@dimlist=\toks15

("C:\Program Files\MiKTeX 2.9\tex\latex\geometry\geometry.cfg"))
("C:\Program Files\MiKTeX 2.9\tex\latex\caption\caption.sty"
Package: caption 2013/05/02 v3.3-89 Customizing captions (AR)

("C:\Program Files\MiKTeX 2.9\tex\latex\caption\caption3.sty"
Package: caption3 2013/05/02 v1.6-88 caption3 kernel (AR)
Package caption3 Info: TeX engine: e-TeX on input line 57.
\captionmargin=\dimen118
\captionmargin@=\dimen119
\captionwidth=\dimen120
\caption@tempdima=\dimen121
\caption@indent=\dimen122
\caption@parindent=\dimen123
\caption@hangindent=\dimen124
)
\c@ContinuedFloat=\count102
Package caption Info: hyperref package is loaded.
)
("C:\Program Files\MiKTeX 2.9\tex\latex\amsmath\amsmath.sty"
Package: amsmath 2013/01/14 v2.14 AMS math features
\@mathmargin=\skip44

For additional information on amsmath, use the `?' option.
("C:\Program Files\MiKTeX 2.9\tex\latex\amsmath\amstext.sty"
Package: amstext 2000/06/29 v2.01

("C:\Program Files\MiKTeX 2.9\tex\latex\amsmath\amsgen.sty"
File: amsgen.sty 1999/11/30 v2.0
\@emptytoks=\toks16
\ex@=\dimen125
))
("C:\Program Files\MiKTeX 2.9\tex\latex\amsmath\amsbsy.sty"
Package: amsbsy 1999/11/29 v1.2d
\pmbraise@=\dimen126
)
("C:\Program Files\MiKTeX 2.9\tex\latex\amsmath\amsopn.sty"
Package: amsopn 1999/12/14 v2.01 operator names
)
\inf@bad=\count103
LaTeX Info: Redefining \frac on input line 210.
\uproot@=\count104
\leftroot@=\count105
LaTeX Info: Redefining \overline on input line 306.
\classnum@=\count106
\DOTSCASE@=\count107
LaTeX Info: Redefining \ldots on input line 378.
LaTeX Info: Redefining \dots on input line 381.
LaTeX Info: Redefining \cdots on input line 466.
\Mathstrutbox@=\box26
\strutbox@=\box27
\big@size=\dimen127
LaTeX Font Info:    Redeclaring font encoding OML on input line 566.
LaTeX Font Info:    Redeclaring font encoding OMS on input line 567.
\macc@depth=\count108
\c@MaxMatrixCols=\count109
\dotsspace@=\muskip11
\c@parentequation=\count110
\dspbrk@lvl=\count111
\tag@help=\toks17
\row@=\count112
\column@=\count113
\maxfields@=\count114
\andhelp@=\toks18
\eqnshift@=\dimen128
\alignsep@=\dimen129
\tagshift@=\dimen130
\tagwidth@=\dimen131
\totwidth@=\dimen132
\lineht@=\dimen133
\@envbody=\toks19
\multlinegap=\skip45
\multlinetaggap=\skip46
\mathdisplay@stack=\toks20
LaTeX Info: Redefining \[ on input line 2665.
LaTeX Info: Redefining \] on input line 2666.
)
("C:\Program Files\MiKTeX 2.9\tex\latex\pslatex\pslatex.sty"
Package: pslatex 1996/07/24 v1.2 pslatex emulation (DPC)
LaTeX Font Info:    Redeclaring symbol font `operators' on input line 65.
LaTeX Font Info:    Overwriting symbol font `operators' in version `normal'
(Font)                  OT1/cmr/m/n --> OT1/ptmcm/m/n on input line 65.
LaTeX Font Info:    Overwriting symbol font `operators' in version `bold'
(Font)                  OT1/cmr/bx/n --> OT1/ptmcm/m/n on input line 65.
LaTeX Font Info:    Redeclaring symbol font `letters' on input line 66.
LaTeX Font Info:    Overwriting symbol font `letters' in version `normal'
(Font)                  OML/cmm/m/it --> OML/ptmcm/m/it on input line 66.
LaTeX Font Info:    Overwriting symbol font `letters' in version `bold'
(Font)                  OML/cmm/b/it --> OML/ptmcm/m/it on input line 66.
LaTeX Font Info:    Redeclaring symbol font `symbols' on input line 67.
LaTeX Font Info:    Overwriting symbol font `symbols' in version `normal'
(Font)                  OMS/cmsy/m/n --> OMS/pzccm/m/n on input line 67.
LaTeX Font Info:    Overwriting symbol font `symbols' in version `bold'
(Font)                  OMS/cmsy/b/n --> OMS/pzccm/m/n on input line 67.
LaTeX Font Info:    Redeclaring symbol font `largesymbols' on input line 68.
LaTeX Font Info:    Overwriting symbol font `largesymbols' in version `normal'
(Font)                  OMX/cmex/m/n --> OMX/psycm/m/n on input line 68.
LaTeX Font Info:    Overwriting symbol font `largesymbols' in version `bold'
(Font)                  OMX/cmex/m/n --> OMX/psycm/m/n on input line 68.
\symbold=\mathgroup4
\symitalic=\mathgroup5
LaTeX Font Info:    Redeclaring math alphabet \mathbf on input line 74.
LaTeX Font Info:    Overwriting math alphabet `\mathbf' in version `normal'
(Font)                  OT1/cmr/bx/n --> OT1/ptm/bx/n on input line 74.
LaTeX Font Info:    Overwriting math alphabet `\mathbf' in version `bold'
(Font)                  OT1/cmr/bx/n --> OT1/ptm/bx/n on input line 74.
LaTeX Font Info:    Redeclaring math alphabet \mathit on input line 75.
LaTeX Font Info:    Overwriting math alphabet `\mathit' in version `normal'
(Font)                  OT1/cmr/m/it --> OT1/ptm/m/it on input line 75.
LaTeX Font Info:    Overwriting math alphabet `\mathit' in version `bold'
(Font)                  OT1/cmr/bx/it --> OT1/ptm/m/it on input line 75.
)
("C:\Program Files\MiKTeX 2.9\tex\latex\fancyhdr\fancyhdr.sty"
\fancy@headwidth=\skip47
\f@ncyO@elh=\skip48
\f@ncyO@erh=\skip49
\f@ncyO@olh=\skip50
\f@ncyO@orh=\skip51
\f@ncyO@elf=\skip52
\f@ncyO@erf=\skip53
\f@ncyO@olf=\skip54
\f@ncyO@orf=\skip55
)
("C:\Program Files\MiKTeX 2.9\tex\latex\pdfpages\pdfpages.sty"
Package: pdfpages 2013/08/25 v0.4v Insert pages of external PDF documents (AM)

("C:\Program Files\MiKTeX 2.9\tex\latex\base\ifthen.sty"
Package: ifthen 2001/05/26 v1.1c Standard LaTeX ifthen package (DPC)
)
("C:\Program Files\MiKTeX 2.9\tex\latex\tools\calc.sty"
Package: calc 2007/08/22 v4.3 Infix arithmetic (KKT,FJ)
\calc@Acount=\count115
\calc@Bcount=\count116
\calc@Adimen=\dimen134
\calc@Bdimen=\dimen135
\calc@Askip=\skip56
\calc@Bskip=\skip57
LaTeX Info: Redefining \setlength on input line 76.
LaTeX Info: Redefining \addtolength on input line 77.
\calc@Ccount=\count117
\calc@Cskip=\skip58
)
("C:\Program Files\MiKTeX 2.9\tex\latex\eso-pic\eso-pic.sty"
Package: eso-pic 2013/10/06 v2.0d eso-pic (RN)

("C:\Program Files\MiKTeX 2.9\tex\latex\xcolor\xcolor.sty"
Package: xcolor 2007/01/21 v2.11 LaTeX color extensions (UK)

("C:\Program Files\MiKTeX 2.9\tex\latex\00miktex\color.cfg"
File: color.cfg 2007/01/18 v1.5 color configuration of teTeX/TeXLive
)
Package xcolor Info: Driver file: pdftex.def on input line 225.
Package xcolor Info: Model `cmy' substituted by `cmy0' on input line 1337.
Package xcolor Info: Model `hsb' substituted by `rgb' on input line 1341.
Package xcolor Info: Model `RGB' extended on input line 1353.
Package xcolor Info: Model `HTML' substituted by `rgb' on input line 1355.
Package xcolor Info: Model `Hsb' substituted by `hsb' on input line 1356.
Package xcolor Info: Model `tHsb' substituted by `hsb' on input line 1357.
Package xcolor Info: Model `HSB' substituted by `hsb' on input line 1358.
Package xcolor Info: Model `Gray' substituted by `gray' on input line 1359.
Package xcolor Info: Model `wave' substituted by `hsb' on input line 1360.
))
("C:\Program Files\MiKTeX 2.9\tex\latex\pdfpages\pppdftex.def"
File: pppdftex.def 2013/08/25 v0.4v Pdfpages driver for pdfTeX (AM)
)
\AM@pagebox=\box28
\AM@toc@title=\toks21
\c@AM@survey=\count118
\AM@templatesizebox=\box29
)
(C:\Users\agungputra\Documents\Skripshit\fncychap.sty
Package: fncychap 2007/07/30 v1.34 LaTeX package (Revised chapters)
\RW=\skip59
\mylen=\skip60
\myhi=\skip61
\px=\skip62
\py=\skip63
\pyy=\skip64
\pxx=\skip65
)
("C:\Program Files\MiKTeX 2.9\tex\latex\colortbl\colortbl.sty"
Package: colortbl 2012/02/13 v1.0a Color table columns (DPC)

("C:\Program Files\MiKTeX 2.9\tex\latex\tools\array.sty"
Package: array 2008/09/09 v2.4c Tabular extension package (FMi)
\col@sep=\dimen136
\extrarowheight=\dimen137
\NC@list=\toks22
\extratabsurround=\skip66
\backup@length=\skip67
)
\everycr=\toks23
\minrowclearance=\skip68
)
("C:\Program Files\MiKTeX 2.9\tex\latex\float\float.sty"
Package: float 2001/11/08 v1.3d Float enhancements (AL)
\c@float@type=\count119
\float@exts=\toks24
\float@box=\box30
\@float@everytoks=\toks25
\@floatcapt=\box31
))
("C:\Program Files\MiKTeX 2.9\tex\latex\listings\listings.sty"
\lst@mode=\count120
\lst@gtempboxa=\box32
\lst@token=\toks26
\lst@length=\count121
\lst@currlwidth=\dimen138
\lst@column=\count122
\lst@pos=\count123
\lst@lostspace=\dimen139
\lst@width=\dimen140
\lst@newlines=\count124
\lst@lineno=\count125
\lst@maxwidth=\dimen141

("C:\Program Files\MiKTeX 2.9\tex\latex\listings\lstmisc.sty"
File: lstmisc.sty 2015/06/04 1.6 (Carsten Heinz)
\c@lstnumber=\count126
\lst@skipnumbers=\count127
\lst@framebox=\box33
)
("C:\Program Files\MiKTeX 2.9\tex\latex\listings\listings.cfg"
File: listings.cfg 2015/06/04 1.6 listings configuration
))
Package: listings 2015/06/04 1.6 (Carsten Heinz)

("C:\Program Files\MiKTeX 2.9\tex\latex\listings\lstlang1.sty"
File: lstlang1.sty 2015/06/04 1.6 listings language file
)
("C:\Program Files\MiKTeX 2.9\tex\latex\listings\lstmisc.sty"
File: lstmisc.sty 2015/06/04 1.6 (Carsten Heinz)
)
(C:\Users\agungputra\Documents\Skripshit\laporan_setting.tex)
\@input{hype.indonesia.aux}
(C:\Users\agungputra\Documents\Skripshit\hype.indonesia.tex)
(C:\Users\agungputra\Documents\Skripshit\istilah.tex)
(C:\Users\agungputra\Documents\Skripshit\thesis.aux
(C:\Users\agungputra\Documents\Skripshit\sampul.aux)
(C:\Users\agungputra\Documents\Skripshit\judul_dalam.aux)
(C:\Users\agungputra\Documents\Skripshit\pengesahan.aux)
(C:\Users\agungputra\Documents\Skripshit\orisinal.aux)
(C:\Users\agungputra\Documents\Skripshit\pengesahan_sidang.aux)
(C:\Users\agungputra\Documents\Skripshit\pengantar.aux)
(C:\Users\agungputra\Documents\Skripshit\persetujuan_publikasi.aux)
(C:\Users\agungputra\Documents\Skripshit\abstrak.aux)
(C:\Users\agungputra\Documents\Skripshit\abstract.aux)
(C:\Users\agungputra\Documents\Skripshit\bab1.aux)
(C:\Users\agungputra\Documents\Skripshit\bab2.aux)
(C:\Users\agungputra\Documents\Skripshit\bab3.aux

LaTeX Warning: Label `my-label' multiply defined.

) (C:\Users\agungputra\Documents\Skripshit\bab4.aux

LaTeX Warning: Label `my-label' multiply defined.


LaTeX Warning: Label `my-label' multiply defined.


LaTeX Warning: Label `my-label' multiply defined.


LaTeX Warning: Label `my-label' multiply defined.


LaTeX Warning: Label `my-label' multiply defined.


LaTeX Warning: Label `my-label' multiply defined.


LaTeX Warning: Label `my-label' multiply defined.


LaTeX Warning: Label `my-label' multiply defined.


LaTeX Warning: Label `my-label' multiply defined.


LaTeX Warning: Label `my-label' multiply defined.

) (C:\Users\agungputra\Documents\Skripshit\kesimpulan.aux)
(C:\Users\agungputra\Documents\Skripshit\pustaka.aux)
(C:\Users\agungputra\Documents\Skripshit\markLampiran.aux)
(C:\Users\agungputra\Documents\Skripshit\lampiran.aux))
LaTeX Font Info:    Checking defaults for OML/cmm/m/it on input line 57.
LaTeX Font Info:    ... okay on input line 57.
LaTeX Font Info:    Checking defaults for T1/cmr/m/n on input line 57.
LaTeX Font Info:    ... okay on input line 57.
LaTeX Font Info:    Checking defaults for OT1/cmr/m/n on input line 57.
LaTeX Font Info:    ... okay on input line 57.
LaTeX Font Info:    Checking defaults for OMS/pzccm/m/n on input line 57.
LaTeX Font Info:    Try loading font information for OMS+pzccm on input line 57
.

("C:\Program Files\MiKTeX 2.9\tex\latex\psnfss\omspzccm.fd"
File: omspzccm.fd 2000/01/03 Fontinst v1.801 font definitions for OMS/pzccm.
)
LaTeX Font Info:    ... okay on input line 57.
LaTeX Font Info:    Checking defaults for OMX/cmex/m/n on input line 57.
LaTeX Font Info:    ... okay on input line 57.
LaTeX Font Info:    Checking defaults for U/cmr/m/n on input line 57.
LaTeX Font Info:    ... okay on input line 57.
LaTeX Font Info:    Checking defaults for PD1/pdf/m/n on input line 57.
LaTeX Font Info:    ... okay on input line 57.
\AtBeginShipoutBox=\box34
Package hyperref Info: Link coloring OFF on input line 57.

("C:\Program Files\MiKTeX 2.9\tex\latex\hyperref\nameref.sty"
Package: nameref 2012/10/27 v2.43 Cross-referencing by name of section

("C:\Program Files\MiKTeX 2.9\tex\generic\oberdiek\gettitlestring.sty"
Package: gettitlestring 2010/12/03 v1.4 Cleanup title references (HO)
)
\c@section@level=\count128
)
LaTeX Info: Redefining \ref on input line 57.
LaTeX Info: Redefining \pageref on input line 57.
LaTeX Info: Redefining \nameref on input line 57.

(C:\Users\agungputra\Documents\Skripshit\thesis.out)
(C:\Users\agungputra\Documents\Skripshit\thesis.out)
\@outlinefile=\write3

("C:\Program Files\MiKTeX 2.9\tex\context\base\supp-pdf.mkii"
[Loading MPS to PDF converter (version 2006.09.02).]
\scratchcounter=\count129
\scratchdimen=\dimen142
\scratchbox=\box35
\nofMPsegments=\count130
\nofMParguments=\count131
\everyMPshowfont=\toks27
\MPscratchCnt=\count132
\MPscratchDim=\dimen143
\MPnumerator=\count133
\makeMPintoPDFobject=\count134
\everyMPtoPDFconversion=\toks28
)
*geometry* driver: auto-detecting
*geometry* detected driver: pdftex
*geometry* verbose mode - [ preamble ] result:
* driver: pdftex
* paper: a4paper
* layout: <same size as paper>
* layoutoffset:(h,v)=(0.0pt,0.0pt)
* modes: 
* h-part:(L,W,R)=(113.81102pt, 398.3386pt, 85.35826pt)
* v-part:(T,H,B)=(85.35826pt, 674.33032pt, 85.35826pt)
* \paperwidth=597.50787pt
* \paperheight=845.04684pt
* \textwidth=398.3386pt
* \textheight=674.33032pt
* \oddsidemargin=41.54103pt
* \evensidemargin=41.54103pt
* \topmargin=-11.91173pt
* \headheight=0.0pt
* \headsep=25.0pt
* \topskip=12.0pt
* \footskip=30.0pt
* \marginparwidth=35.0pt
* \marginparsep=10.0pt
* \columnsep=10.0pt
* \skip\footins=10.8pt plus 4.0pt minus 2.0pt
* \hoffset=0.0pt
* \voffset=0.0pt
* \mag=1000
* \@twocolumnfalse
* \@twosidefalse
* \@mparswitchfalse
* \@reversemarginfalse
* (1in=72.27pt=25.4mm, 1cm=28.453pt)

Package caption Info: Begin \AtBeginDocument code.
Package caption Info: float package is loaded.
Package caption Info: listings package is loaded.
Package caption Info: End \AtBeginDocument code.
\c@lstlisting=\count135
(C:\Users\agungputra\Documents\Skripshit\sampul.tex
<pics/makara.png, id=199, 154.86429pt x 154.34807pt>
File: pics/makara.png Graphic file (type png)
 <use pics/makara.png>
Package pdftex.def Info: pics/makara.png used on input line 14.
(pdftex.def)             Requested size: 71.13188pt x 70.89497pt.
LaTeX Font Info:    Font shape `OT1/ptm/bx/n' in size <12> not available
(Font)              Font shape `OT1/ptm/b/n' tried instead on input line 20.

[1




{C:/ProgramData/MiKTeX/2.9/pdftex/config/pdftex.map} <C:/Users/agungputra/Docum
ents/Skripshit/pics/makara.png>])
(C:\Users\agungputra\Documents\Skripshit\judul_dalam.tex
File: pics/makara.png Graphic file (type png)
 <use pics/makara.png>
Package pdftex.def Info: pics/makara.png used on input line 12.
(pdftex.def)             Requested size: 71.13188pt x 70.89497pt.

[1


]) (C:\Users\agungputra\Documents\Skripshit\pengesahan.tex
LaTeX Font Info:    Font shape `OT1/ptm/bx/n' in size <14.4> not available
(Font)              Font shape `OT1/ptm/b/n' tried instead on input line 8.
LaTeX Font Info:    Try loading font information for OT1+ptmcm on input line 14
.

("C:\Program Files\MiKTeX 2.9\tex\latex\psnfss\ot1ptmcm.fd"
File: ot1ptmcm.fd 2000/01/03 Fontinst v1.801 font definitions for OT1/ptmcm.
)
LaTeX Font Info:    Try loading font information for OML+ptmcm on input line 14
.

("C:\Program Files\MiKTeX 2.9\tex\latex\psnfss\omlptmcm.fd"
File: omlptmcm.fd 2000/01/03 Fontinst v1.801 font definitions for OML/ptmcm.
)
LaTeX Font Info:    Try loading font information for OMX+psycm on input line 14
.

("C:\Program Files\MiKTeX 2.9\tex\latex\psnfss\omxpsycm.fd"
File: omxpsycm.fd 2000/01/03 Fontinst v1.801 font definitions for OMX/psycm.
)
LaTeX Font Info:    Font shape `OT1/ptm/bx/n' in size <9> not available
(Font)              Font shape `OT1/ptm/b/n' tried instead on input line 14.
LaTeX Font Info:    Font shape `OT1/ptm/bx/n' in size <7> not available
(Font)              Font shape `OT1/ptm/b/n' tried instead on input line 14.

Underfull \hbox (badness 10000) in paragraph at lines 13--19

 []


Underfull \hbox (badness 10000) in paragraph at lines 22--23

 []

[2



]) (C:\Users\agungputra\Documents\Skripshit\orisinal.tex [3



])
(C:\Users\agungputra\Documents\Skripshit\pengesahan_sidang.tex

Package Fancyhdr Warning: \headheight is too small (0.0pt): 
 Make it at least 14.49998pt.
 We now make it that large for the rest of the document.
 This may cause the page layout to be inconsistent, however.

LaTeX Font Info:    Font shape `OT1/ptm/bx/n' in size <10> not available
(Font)              Font shape `OT1/ptm/b/n' tried instead on input line 8.
[4


]
Overfull \hbox (14.74275pt too wide) in paragraph at lines 13--21
[] 
 []


Underfull \hbox (badness 10000) in paragraph at lines 13--21

 []


Underfull \hbox (badness 1596) in paragraph at lines 24--28
\OT1/ptm/b/n/12 Telah berhasil diper-ta-hankan di hada-pan De-wan Pen-guji dan 
di-ter-ima
 []


Underfull \hbox (badness 10000) in paragraph at lines 24--28

 []


Overfull \hbox (73.13773pt too wide) in paragraph at lines 35--43
[][] 
 []


Underfull \hbox (badness 10000) in paragraph at lines 35--43

 []

[5

])

Package hyperref Warning: Token not allowed in a PDF string (PDFDocEncoding):
(hyperref)                removing `\uppercase' on input line 89.

(C:\Users\agungputra\Documents\Skripshit\pengantar.tex [6



])

Package Fancyhdr Warning: \headheight is too small (0.0pt): 
 Make it at least 14.49998pt.
 We now make it that large for the rest of the document.
 This may cause the page layout to be inconsistent, however.

[7] (C:\Users\agungputra\Documents\Skripshit\persetujuan_publikasi.tex
Underfull \hbox (badness 10000) in paragraph at lines 30--36

 []

[8



]) (C:\Users\agungputra\Documents\Skripshit\abstrak.tex
Underfull \hbox (badness 10000) in paragraph at lines 12--17

 []

[9



]) (C:\Users\agungputra\Documents\Skripshit\abstract.tex
Underfull \hbox (badness 10000) in paragraph at lines 12--17

 []

[10



]) (C:\Users\agungputra\Documents\Skripshit\thesis.toc [11


])
\tf@toc=\write4


Package Fancyhdr Warning: \headheight is too small (0.0pt): 
 Make it at least 14.49998pt.
 We now make it that large for the rest of the document.
 This may cause the page layout to be inconsistent, however.

[12] (C:\Users\agungputra\Documents\Skripshit\thesis.lof)
\tf@lof=\write5
 [13


]
(C:\Users\agungputra\Documents\Skripshit\thesis.lot
Underfull \hbox (badness 3019) in paragraph at lines 14--14
 [][] [][]\OT1/ptm/m/n/12 Waktu yang dibu-tuhkan dalam mem-proses 1 buah Moleku
l 
 []

)
\tf@lot=\write6
 [14


] (C:\Users\agungputra\Documents\Skripshit\thesis.lol
Overfull \hbox (3.4076pt too wide) detected at line 1
 [][]\OT1/ptm/m/n/12 xviii[]
 []


Overfull \hbox (3.4076pt too wide) detected at line 6
 [][]\OT1/ptm/m/n/12 xxiii[]
 []


Overfull \hbox (2.43584pt too wide) detected at line 7
 [][]\OT1/ptm/m/n/12 xxiv[]
 []


Overfull \hbox (2.73584pt too wide) detected at line 8
 [][]\OT1/ptm/m/n/12 xxvi[]
 []


Overfull \hbox (6.07172pt too wide) detected at line 9
 [][]\OT1/ptm/m/n/12 xxvii[]
 []


Overfull \hbox (6.07172pt too wide) detected at line 10
 [][]\OT1/ptm/m/n/12 xxvii[]
 []

)
\tf@lol=\write7
 [15


] (C:\Users\agungputra\Documents\Skripshit\bab1.tex
BAB 1.

Package hyperref Warning: Token not allowed in a PDF string (PDFDocEncoding):
(hyperref)                removing `\uppercase' on input line 3.

LaTeX Font Info:    Font shape `OMS/ptm/m/n' in size <12> not available
(Font)              Font shape `OMS/pzccm/m/n' tried instead on input line 16.
pdfTeX warning (ext4): destination with the same identifier (name{page.1}) has 
been already used, duplicate ignored
<to be read again> 
                   \relax 
l.21 	\item B
             agaimana penyakit tersebut mempengaruhi \textit{host}(tubuh yan...
[1



]
Underfull \hbox (badness 3815) in paragraph at lines 21--22
[]\OT1/ptm/m/n/12 Bagaimana penyakit terse-but mem-pen-garuhi \OT1/ptm/m/it/12 
host\OT1/ptm/m/n/12 (tubuh yang terkena
 []


Package Fancyhdr Warning: \headheight is too small (0.0pt): 
 Make it at least 14.49998pt.
 We now make it that large for the rest of the document.
 This may cause the page layout to be inconsistent, however.

[2]

Package Fancyhdr Warning: \headheight is too small (0.0pt): 
 Make it at least 14.49998pt.
 We now make it that large for the rest of the document.
 This may cause the page layout to be inconsistent, however.

[3]

Package Fancyhdr Warning: \headheight is too small (0.0pt): 
 Make it at least 14.49998pt.
 We now make it that large for the rest of the document.
 This may cause the page layout to be inconsistent, however.

[4])

Package Fancyhdr Warning: \headheight is too small (0.0pt): 
 Make it at least 14.49998pt.
 We now make it that large for the rest of the document.
 This may cause the page layout to be inconsistent, however.

[5] (C:\Users\agungputra\Documents\Skripshit\bab2.tex
BAB 2.

Package hyperref Warning: Token not allowed in a PDF string (PDFDocEncoding):
(hyperref)                removing `\uppercase' on input line 2.

LaTeX Font Info:    Font shape `OT1/ptm/bx/it' in size <14.4> not available
(Font)              Font shape `OT1/ptm/b/it' tried instead on input line 6.
LaTeX Font Info:    Font shape `OT1/ptm/bx/it' in size <12> not available
(Font)              Font shape `OT1/ptm/b/it' tried instead on input line 18.

Underfull \hbox (badness 2126) in paragraph at lines 23--26
\OT1/ptm/m/n/12 Setelah peneliti mema-hami penyakit dan el-e-men yang mem-pen-g
aruhi
 []

[6



]
Underfull \hbox (badness 2635) in paragraph at lines 37--38
[]\OT1/ptm/b/it/12 High-throughput Screen-ing\OT1/ptm/m/n/12 , de-ngan me-man-f
aatkan tenaga kom-
 []

<siklus_dd.png, id=568, 507.39563pt x 453.19313pt>
File: siklus_dd.png Graphic file (type png)
 <use siklus_dd.png>
Package pdftex.def Info: siklus_dd.png used on input line 47.
(pdftex.def)             Requested size: 304.43973pt x 271.91797pt.


Package Fancyhdr Warning: \headheight is too small (0.0pt): 
 Make it at least 14.49998pt.
 We now make it that large for the rest of the document.
 This may cause the page layout to be inconsistent, however.

[7] <molecular_docking.png, id=578, 322.95656pt x 103.13531pt>
File: molecular_docking.png Graphic file (type png)

<use molecular_docking.png>
Package pdftex.def Info: molecular_docking.png used on input line 53.
(pdftex.def)             Requested size: 322.95576pt x 103.13504pt.


Package Fancyhdr Warning: \headheight is too small (0.0pt): 
 Make it at least 14.49998pt.
 We now make it that large for the rest of the document.
 This may cause the page layout to be inconsistent, however.

[8 <C:/Users/agungputra/Documents/Skripshit/siklus_dd.png>]
<pharmacophore.png, id=591, 803.0pt x 645.41125pt>
File: pharmacophore.png Graphic file (type png)
 <use pharmacophore.png>
Package pdftex.def Info: pharmacophore.png used on input line 59.
(pdftex.def)             Requested size: 240.90186pt x 193.62486pt.


Package Fancyhdr Warning: \headheight is too small (0.0pt): 
 Make it at least 14.49998pt.
 We now make it that large for the rest of the document.
 This may cause the page layout to be inconsistent, however.

[9 <C:/Users/agungputra/Documents/Skripshit/molecular_docking.png> <C:/Users/ag
ungputra/Documents/Skripshit/pharmacophore.png>]
<docking.png, id=605, 246.1697pt x 216.05719pt>
File: docking.png Graphic file (type png)
 <use docking.png>
Package pdftex.def Info: docking.png used on input line 71.
(pdftex.def)             Requested size: 246.16908pt x 216.05664pt.


Package Fancyhdr Warning: \headheight is too small (0.0pt): 
 Make it at least 14.49998pt.
 We now make it that large for the rest of the document.
 This may cause the page layout to be inconsistent, however.

[10 <C:/Users/agungputra/Documents/Skripshit/docking.png>]
Underfull \hbox (badness 2486) in paragraph at lines 77--78
[]\OT1/ptm/m/n/12 Dalam per-cobaan ini penulis me-man-faatkan apli-kasi \OT1/pt
m/m/it/12 molec-u-lar dock-ing
 []

<autodock.jpg, id=623, 304.13625pt x 74.2775pt>
File: autodock.jpg Graphic file (type jpg)
 <use autodock.jpg>
Package pdftex.def Info: autodock.jpg used on input line 86.
(pdftex.def)             Requested size: 304.1355pt x 74.27731pt.


Package Fancyhdr Warning: \headheight is too small (0.0pt): 
 Make it at least 14.49998pt.
 We now make it that large for the rest of the document.
 This may cause the page layout to be inconsistent, however.

[11 <C:/Users/agungputra/Documents/Skripshit/autodock.jpg>]

Package Fancyhdr Warning: \headheight is too small (0.0pt): 
 Make it at least 14.49998pt.
 We now make it that large for the rest of the document.
 This may cause the page layout to be inconsistent, however.

[12]

Package Fancyhdr Warning: \headheight is too small (0.0pt): 
 Make it at least 14.49998pt.
 We now make it that large for the rest of the document.
 This may cause the page layout to be inconsistent, however.

[13] <layanan_cloud.png, id=652, 349.305pt x 323.2075pt>
File: layanan_cloud.png Graphic file (type png)

<use layanan_cloud.png>
Package pdftex.def Info: layanan_cloud.png used on input line 119.
(pdftex.def)             Requested size: 209.58461pt x 193.926pt.


Package Fancyhdr Warning: \headheight is too small (0.0pt): 
 Make it at least 14.49998pt.
 We now make it that large for the rest of the document.
 This may cause the page layout to be inconsistent, however.

[14 <C:/Users/agungputra/Documents/Skripshit/layanan_cloud.png>]

Package Fancyhdr Warning: \headheight is too small (0.0pt): 
 Make it at least 14.49998pt.
 We now make it that large for the rest of the document.
 This may cause the page layout to be inconsistent, however.

[15] <vm.png, id=674, 454.69875pt x 251.43938pt>
File: vm.png Graphic file (type png)
 <use vm.png>
Package pdftex.def Info: vm.png used on input line 157.
(pdftex.def)             Requested size: 272.82135pt x 150.86478pt.


Package Fancyhdr Warning: \headheight is too small (0.0pt): 
 Make it at least 14.49998pt.
 We now make it that large for the rest of the document.
 This may cause the page layout to be inconsistent, however.

[16] <docker.png, id=684, 231.264pt x 192.72pt>
File: docker.png Graphic file (type png)
 <use docker.png>
Package pdftex.def Info: docker.png used on input line 163.
(pdftex.def)             Requested size: 185.01144pt x 154.1762pt.


Package Fancyhdr Warning: \headheight is too small (0.0pt): 
 Make it at least 14.49998pt.
 We now make it that large for the rest of the document.
 This may cause the page layout to be inconsistent, however.

[17 <C:/Users/agungputra/Documents/Skripshit/vm.png> <C:/Users/agungputra/Docum
ents/Skripshit/docker.png>])

Package Fancyhdr Warning: \headheight is too small (0.0pt): 
 Make it at least 14.49998pt.
 We now make it that large for the rest of the document.
 This may cause the page layout to be inconsistent, however.

[18] (C:\Users\agungputra\Documents\Skripshit\bab3.tex
BAB 3.

Package hyperref Warning: Token not allowed in a PDF string (PDFDocEncoding):
(hyperref)                removing `\uppercase' on input line 2.

<workflow_skripsi.PNG, id=699, 492.33937pt x 289.08pt>
File: workflow_skripsi.PNG Graphic file (type png)

<use workflow_skripsi.PNG>
Package pdftex.def Info: workflow_skripsi.PNG used on input line 16.
(pdftex.def)             Requested size: 492.33815pt x 289.07928pt.

Overfull \hbox (93.99956pt too wide) in paragraph at lines 16--17
 [][] 
 []

[19



 <C:/Users/agungputra/Documents/Skripshit/workflow_skripsi.PNG>]
<workflow.PNG, id=705, 365.11406pt x 438.8897pt>
File: workflow.PNG Graphic file (type png)
 <use workflow.PNG>
Package pdftex.def Info: workflow.PNG used on input line 37.
(pdftex.def)             Requested size: 365.11316pt x 438.88863pt.


Package Fancyhdr Warning: \headheight is too small (0.0pt): 
 Make it at least 14.49998pt.
 We now make it that large for the rest of the document.
 This may cause the page layout to be inconsistent, however.

[20]

Package Fancyhdr Warning: \headheight is too small (0.0pt): 
 Make it at least 14.49998pt.
 We now make it that large for the rest of the document.
 This may cause the page layout to be inconsistent, however.

[21 <C:/Users/agungputra/Documents/Skripshit/workflow.PNG>]

Package Fancyhdr Warning: \headheight is too small (0.0pt): 
 Make it at least 14.49998pt.
 We now make it that large for the rest of the document.
 This may cause the page layout to be inconsistent, however.

[22]
Overfull \hbox (65.72118pt too wide) in paragraph at lines 95--103
[][] 
 []


Package Fancyhdr Warning: \headheight is too small (0.0pt): 
 Make it at least 14.49998pt.
 We now make it that large for the rest of the document.
 This may cause the page layout to be inconsistent, however.

[23])

Package Fancyhdr Warning: \headheight is too small (0.0pt): 
 Make it at least 14.49998pt.
 We now make it that large for the rest of the document.
 This may cause the page layout to be inconsistent, however.

[24] (C:\Users\agungputra\Documents\Skripshit\bab4.tex
BAB 4.

Package hyperref Warning: Token not allowed in a PDF string (PDFDocEncoding):
(hyperref)                removing `\uppercase' on input line 2.

<tercepat_vina.PNG, id=732, 435.12563pt x 261.22594pt>
File: tercepat_vina.PNG Graphic file (type png)
 <use tercepat_vina.PNG>
Package pdftex.def Info: tercepat_vina.PNG used on input line 34.
(pdftex.def)             Requested size: 435.12456pt x 261.22528pt.

Overfull \hbox (36.78596pt too wide) in paragraph at lines 34--35
 [][] 
 []

[25



] <terlama_vina.PNG, id=737, 440.39531pt x 270.25969pt>
File: terlama_vina.PNG Graphic file (type png)

<use terlama_vina.PNG>
Package pdftex.def Info: terlama_vina.PNG used on input line 39.
(pdftex.def)             Requested size: 440.39423pt x 270.25902pt.

Overfull \hbox (42.05563pt too wide) in paragraph at lines 39--40
[][] 
 []

<ratarata_vina.PNG, id=738, 436.63126pt x 293.59688pt>
File: ratarata_vina.PNG Graphic file (type png)
 <use ratarata_vina.PNG>
Package pdftex.def Info: ratarata_vina.PNG used on input line 44.
(pdftex.def)             Requested size: 436.63019pt x 293.59615pt.

Overfull \hbox (38.2916pt too wide) in paragraph at lines 44--45
[][] 
 []


Package Fancyhdr Warning: \headheight is too small (0.0pt): 
 Make it at least 14.49998pt.
 We now make it that large for the rest of the document.
 This may cause the page layout to be inconsistent, however.

[26 <C:/Users/agungputra/Documents/Skripshit/tercepat_vina.PNG> <C:/Users/agung
putra/Documents/Skripshit/terlama_vina.PNG>]
<tercepat_dock.PNG, id=745, 435.87843pt x 256.70906pt>
File: tercepat_dock.PNG Graphic file (type png)
 <use tercepat_dock.PNG>
Package pdftex.def Info: tercepat_dock.PNG used on input line 69.
(pdftex.def)             Requested size: 435.87737pt x 256.70842pt.

Overfull \hbox (37.53877pt too wide) in paragraph at lines 69--70
 [][] 
 []


Package Fancyhdr Warning: \headheight is too small (0.0pt): 
 Make it at least 14.49998pt.
 We now make it that large for the rest of the document.
 This may cause the page layout to be inconsistent, however.

[27 <C:/Users/agungputra/Documents/Skripshit/ratarata_vina.PNG>]
<terlama_dock.PNG, id=752, 437.38406pt x 258.21469pt>
File: terlama_dock.PNG Graphic file (type png)
 <use terlama_dock.PNG>
Package pdftex.def Info: terlama_dock.PNG used on input line 74.
(pdftex.def)             Requested size: 437.38298pt x 258.21405pt.

Overfull \hbox (39.04439pt too wide) in paragraph at lines 74--75
[][] 
 []

<ratarata_dock.PNG, id=753, 439.6425pt x 268.75406pt>
File: ratarata_dock.PNG Graphic file (type png)
 <use ratarata_dock.PNG>
Package pdftex.def Info: ratarata_dock.PNG used on input line 79.
(pdftex.def)             Requested size: 439.64142pt x 268.7534pt.

Overfull \hbox (41.30283pt too wide) in paragraph at lines 79--80
[][] 
 []


Package Fancyhdr Warning: \headheight is too small (0.0pt): 
 Make it at least 14.49998pt.
 We now make it that large for the rest of the document.
 This may cause the page layout to be inconsistent, however.

[28 <C:/Users/agungputra/Documents/Skripshit/tercepat_dock.PNG> <C:/Users/agung
putra/Documents/Skripshit/terlama_dock.PNG>]
<comparison_dockvina.PNG, id=761, 262.73157pt x 198.7425pt>
File: comparison_dockvina.PNG Graphic file (type png)

<use comparison_dockvina.PNG>
Package pdftex.def Info: comparison_dockvina.PNG used on input line 90.
(pdftex.def)             Requested size: 262.73091pt x 198.742pt.


Package Fancyhdr Warning: \headheight is too small (0.0pt): 
 Make it at least 14.49998pt.
 We now make it that large for the rest of the document.
 This may cause the page layout to be inconsistent, however.

[29 <C:/Users/agungputra/Documents/Skripshit/ratarata_dock.PNG> <C:/Users/agung
putra/Documents/Skripshit/comparison_dockvina.PNG>]

Package Fancyhdr Warning: \headheight is too small (0.0pt): 
 Make it at least 14.49998pt.
 We now make it that large for the rest of the document.
 This may cause the page layout to be inconsistent, however.

[30]

Package Fancyhdr Warning: \headheight is too small (0.0pt): 
 Make it at least 14.49998pt.
 We now make it that large for the rest of the document.
 This may cause the page layout to be inconsistent, however.

[31]
Underfull \hbox (badness 1810) in paragraph at lines 156--167
[]\OT1/ptm/m/n/12 Tabel di-atas meru-pakan hasil waktu yang diper-oleh dalam me
n-jalankan
 []


Package Fancyhdr Warning: \headheight is too small (0.0pt): 
 Make it at least 14.49998pt.
 We now make it that large for the rest of the document.
 This may cause the page layout to be inconsistent, however.

[32]

Package Fancyhdr Warning: \headheight is too small (0.0pt): 
 Make it at least 14.49998pt.
 We now make it that large for the rest of the document.
 This may cause the page layout to be inconsistent, however.

[33]

Package Fancyhdr Warning: \headheight is too small (0.0pt): 
 Make it at least 14.49998pt.
 We now make it that large for the rest of the document.
 This may cause the page layout to be inconsistent, however.

[34])

Package Fancyhdr Warning: \headheight is too small (0.0pt): 
 Make it at least 14.49998pt.
 We now make it that large for the rest of the document.
 This may cause the page layout to be inconsistent, however.

[35] (C:\Users\agungputra\Documents\Skripshit\kesimpulan.tex
BAB 5.

Package hyperref Warning: Token not allowed in a PDF string (PDFDocEncoding):
(hyperref)                removing `\uppercase' on input line 2.

[36



])

Package Fancyhdr Warning: \headheight is too small (0.0pt): 
 Make it at least 14.49998pt.
 We now make it that large for the rest of the document.
 This may cause the page layout to be inconsistent, however.

[37] (C:\Users\agungputra\Documents\Skripshit\pustaka.tex
Underfull \hbox (badness 2875) in paragraph at lines 11--12
[]\OT1/ptm/m/n/12 Muhammad H. Hilman.Juni 2010.\OT1/ptm/m/it/12 "Eval-u-asi Kin
-erja Autodock 4.2 dan
 []

Missing character: There is no ‚ in font ptmr7t!
Missing character: There is no Ä in font ptmr7t!
Missing character: There is no ì in font ptmr7t!
Missing character: There is no ‚ in font ptmr7t!
Missing character: There is no Ä in font ptmr7t!
Missing character: There is no ì in font ptmr7t!
Missing character: There is no ‚ in font ptmr7t!
Missing character: There is no Ä in font ptmr7t!
Missing character: There is no ì in font ptmr7t!
Missing character: There is no ‚ in font ptmr7t!
Missing character: There is no Ä in font ptmr7t!
Missing character: There is no ì in font ptmr7t!
Missing character: There is no ‚ in font ptmr7t!
Missing character: There is no Ä in font ptmr7t!
Missing character: There is no ì in font ptmr7t!

Underfull \hbox (badness 10000) in paragraph at lines 40--41
[]\OT1/ptm/m/it/12 Drug de-sign\OT1/ptm/m/n/12 . []$http : / / strbio . biochem
 . nchu . edu . tw / classes / special[]topics[]$
 []

[38



]
Underfull \hbox (badness 1394) in paragraph at lines 46--47
$\OT1/ptm/m/n/12 /media / File : PharmacophoreModel[]example . svg$[] di-ak-ses
 3 Juni 2015 pukul
 []

Missing character: There is no ‚ in font ptmr7t!
Missing character: There is no Ä in font ptmr7t!
Missing character: There is no ì in font ptmr7t!
Missing character: There is no ‚ in font ptmr7t!
Missing character: There is no Ä in font ptmr7t!
Missing character: There is no ì in font ptmr7t!
Missing character: There is no ‚ in font ptmr7t!
Missing character: There is no Ä in font ptmr7t!
Missing character: There is no ì in font ptmr7t!
Missing character: There is no ‚ in font ptmr7t!
Missing character: There is no Ä in font ptmr7t!
Missing character: There is no ì in font ptmr7t!
Missing character: There is no ‚ in font ptmr7t!
Missing character: There is no Ä in font ptmr7t!
Missing character: There is no ì in font ptmr7t!

Underfull \hbox (badness 1365) in paragraph at lines 71--72
[]\OT1/ptm/m/n/12 Logo Autodock. []$http : / / www . kdm . wcss . wroc . pl / w
 / images / thumb / Autodock[]$
 []

Missing character: There is no ‚ in font ptmr7t!
Missing character: There is no Ä in font ptmr7t!
Missing character: There is no ì in font ptmr7t!
Missing character: There is no ‚ in font ptmr7t!
Missing character: There is no Ä in font ptmr7t!
Missing character: There is no ì in font ptmr7t!

Package Fancyhdr Warning: \headheight is too small (0.0pt): 
 Make it at least 14.49998pt.
 We now make it that large for the rest of the document.
 This may cause the page layout to be inconsistent, however.

[39]
Underfull \hbox (badness 3492) in paragraph at lines 92--93
[]\OT1/ptm/m/n/12 IBM Global Ed-u-ca-tion White Pa-per.October 2007. \OT1/ptm/m
/it/12 "Vir-tu-al-iza-tion in
 []


Underfull \hbox (badness 10000) in paragraph at lines 92--93
\OT1/ptm/m/it/12 Ed-u-ca-tion"\OT1/ptm/m/n/12 .[]$http : / / www-[]07 . ibm . c
om / solutions / in / education / download /$
 []


Underfull \hbox (badness 3746) in paragraph at lines 101--102
[]\OT1/ptm/m/n/12 Tobby Baner-jee.November 2014.\OT1/ptm/m/it/12 "LXC vs LXD vs
 Docker - Mak-ing
 []


Overfull \hbox (21.95218pt too wide) in paragraph at lines 101--102
$\OT1/ptm/m/n/12 lxc-[]vs-[]lxd-[]vs-[]docker-[]making-[]sense-[]of-[]the-[]rap
idly-[]evolving-[]container-[]ecosystem/$[].
 []


Underfull \hbox (badness 10000) in paragraph at lines 104--105
[]\OT1/ptm/m/n/12 Steven J. Vaughan-Nichols.11 Juni 2014.\OT1/ptm/m/it/12 "Dock
er lib-con-tainer
 []


Underfull \hbox (badness 10000) in paragraph at lines 104--105
\OT1/ptm/m/it/12 uni-fies Linux con-tainer pow-ers"\OT1/ptm/m/n/12 .[]$http : /
 / www . zdnet . com / article /$
 []


Underfull \hbox (badness 2662) in paragraph at lines 104--105
$\OT1/ptm/m/n/12 docker-[]libcontainer-[]unies-[]linux-[]container-[]powers/$[
]. di-ak-ses 12 Juni 2015
 []


Package Fancyhdr Warning: \headheight is too small (0.0pt): 
 Make it at least 14.49998pt.
 We now make it that large for the rest of the document.
 This may cause the page layout to be inconsistent, however.

[40]
Missing character: There is no ‚ in font ptmr7t!
Missing character: There is no Ä in font ptmr7t!
Missing character: There is no ô in font ptmr7t!

Underfull \hbox (badness 1331) in paragraph at lines 116--118
[]\OT1/ptm/m/n/12 Arry Yan-uar, Ab-dul Mu-nim , Akma Bertha Aprima Lagho, Rezi 
Ri-
 []

Missing character: There is no ‚ in font ptmr7t!
Missing character: There is no Ä in font ptmr7t!
Missing character: There is no ú in font ptmr7t!
Missing character: There is no ‚ in font ptmr7t!
Missing character: There is no Ä in font ptmr7t!
Missing character: There is no ù in font ptmr7t!

Underfull \hbox (badness 1253) in paragraph at lines 120--123
[]\OT1/ptm/m/n/12 The Scripps Re-search In-sti-tute, Tu-to-rial Autodock 4.2, [
]$http : / / autodock .$
 []

Missing character: There is no ‚ in font ptmr7t!
Missing character: There is no Ä in font ptmr7t!
Missing character: There is no ú in font ptmr7t!
Missing character: There is no ‚ in font ptmr7t!
Missing character: There is no Ä in font ptmr7t!
Missing character: There is no ù in font ptmr7t!
)

Package Fancyhdr Warning: \headheight is too small (0.0pt): 
 Make it at least 14.49998pt.
 We now make it that large for the rest of the document.
 This may cause the page layout to be inconsistent, however.

[41] (C:\Users\agungputra\Documents\Skripshit\markLampiran.texpdfTeX warning (e
xt4): destination with the same identifier (name{page.i}) has been already used
, duplicate ignored
<to be read again> 
                   \relax 
l.13 \end{titlepage}
                     [1


]) (C:\Users\agungputra\Documents\Skripshit\lampiran.tex
Underfull \hbox (badness 10000) in paragraph at lines 9--10
[]\OT1/ptm/m/n/12 Download file in-sta-lasi, un-tuk win-dows :
 []


Underfull \hbox (badness 10000) in paragraph at lines 9--10
\OT1/ptm/m/n/12 https://github.com/boot2docker/windows-installer/releases/tag/v
1.7.0
 []


Underfull \hbox (badness 10000) in paragraph at lines 9--10
\OT1/ptm/m/n/12 sedan-gkan un-tuk Mac OS : https://github.com/boot2docker/osx-
 []


Underfull \hbox (badness 10000) in paragraph at lines 24--25
[]\OT1/ptm/m/n/12 setelah kom-puter kem-bali menyala, ma-sukan per-in-tah `curl
 -sSL
 []


Underfull \hbox (badness 3525) in paragraph at lines 24--25
\OT1/ptm/m/n/12 https://get.docker.com/ \OMS/pzccm/m/n/12 j \OT1/ptm/m/n/12 sh`
 pada ter-mi-nal un-tuk melakukan in-sta-lasi
 []

pdfTeX warning (ext4): destination with the same identifier (name{page.xv}) has
 been already used, duplicate ignored
<to be read again> 
                   \relax 
l.25 \end{enumerate}
                     [15



]
Underfull \hbox (badness 10000) in paragraph at lines 36--38
\OT1/ptm/m/n/12 Aplikasi Autodock versi 4.2 da-pat diper-oleh pada si-tus resmi

 []


Underfull \hbox (badness 5217) in paragraph at lines 36--38
\OT1/ptm/m/n/12 The Scripps Re-search In-sti-tute un-tuk apli-kasi Autodock ver
si 4.2,
 []


Underfull \hbox (badness 2351) in paragraph at lines 36--38
\OT1/ptm/m/n/12 http://autodock.scripps.edu/. Un-duh Autodock versi 4.2 versi s
ource
 []


Package Fancyhdr Warning: \headheight is too small (0.0pt): 
 Make it at least 14.49998pt.
 We now make it that large for the rest of the document.
 This may cause the page layout to be inconsistent, however.

[16]
Underfull \hbox (badness 3039) in paragraph at lines 51--54
\OT1/ptm/m/n/12 Aplikasi Autodock Vina versi 1.1 da-pat diper-oleh pada si-tus 
resmi
 []


Underfull \hbox (badness 6625) in paragraph at lines 51--54
\OT1/ptm/m/n/12 The Scripps Re-search In-sti-tute un-tuk Autodock Vina versi 1.
1 ,
 []


Package Fancyhdr Warning: \headheight is too small (0.0pt): 
 Make it at least 14.49998pt.
 We now make it that large for the rest of the document.
 This may cause the page layout to be inconsistent, however.

[17] <autogrid4.PNG, id=912, 201.00093pt x 87.32625pt>
File: autogrid4.PNG Graphic file (type png)
 <use autogrid4.PNG>
Package pdftex.def Info: autogrid4.PNG used on input line 69.
(pdftex.def)             Requested size: 201.00043pt x 87.32603pt.

Underfull \hbox (badness 10000) in paragraph at lines 74--76

 []

Package hyperref Info: bookmark level for unknown lstlisting defaults to 0 on i
nput line 76.

Package Listings Warning: Text dropped after begin of listing on input line 76.


LaTeX Font Info:    Font shape `OT1/pcr/bx/n' in size <10> not available
(Font)              Font shape `OT1/pcr/b/n' tried instead on input line 77.
[18

 <C:/Users/agungputra/Documents/Skripshit/autogrid4.PNG>]

Package Fancyhdr Warning: \headheight is too small (0.0pt): 
 Make it at least 14.49998pt.
 We now make it that large for the rest of the document.
 This may cause the page layout to be inconsistent, however.

[19]
Underfull \hbox (badness 10000) in paragraph at lines 104--105

 []

[20

]

Package Fancyhdr Warning: \headheight is too small (0.0pt): 
 Make it at least 14.49998pt.
 We now make it that large for the rest of the document.
 This may cause the page layout to be inconsistent, however.

[21]

Package Fancyhdr Warning: \headheight is too small (0.0pt): 
 Make it at least 14.49998pt.
 We now make it that large for the rest of the document.
 This may cause the page layout to be inconsistent, however.

[22]

Package Fancyhdr Warning: \headheight is too small (0.0pt): 
 Make it at least 14.49998pt.
 We now make it that large for the rest of the document.
 This may cause the page layout to be inconsistent, however.

[23]
Underfull \hbox (badness 10000) in paragraph at lines 245--246

 []

[24

]

Package Fancyhdr Warning: \headheight is too small (0.0pt): 
 Make it at least 14.49998pt.
 We now make it that large for the rest of the document.
 This may cause the page layout to be inconsistent, however.

[25]

Package Fancyhdr Warning: \headheight is too small (0.0pt): 
 Make it at least 14.49998pt.
 We now make it that large for the rest of the document.
 This may cause the page layout to be inconsistent, however.

[26]

Package Fancyhdr Warning: \headheight is too small (0.0pt): 
 Make it at least 14.49998pt.
 We now make it that large for the rest of the document.
 This may cause the page layout to be inconsistent, however.

[27])

Package Fancyhdr Warning: \headheight is too small (0.0pt): 
 Make it at least 14.49998pt.
 We now make it that large for the rest of the document.
 This may cause the page layout to be inconsistent, however.

[28]
Package atveryend Info: Empty hook `BeforeClearDocument' on input line 143.
Package atveryend Info: Empty hook `AfterLastShipout' on input line 143.
 (C:\Users\agungputra\Documents\Skripshit\thesis.aux
(C:\Users\agungputra\Documents\Skripshit\sampul.aux)
(C:\Users\agungputra\Documents\Skripshit\judul_dalam.aux)
(C:\Users\agungputra\Documents\Skripshit\pengesahan.aux)
(C:\Users\agungputra\Documents\Skripshit\orisinal.aux)
(C:\Users\agungputra\Documents\Skripshit\pengesahan_sidang.aux)
(C:\Users\agungputra\Documents\Skripshit\pengantar.aux)
(C:\Users\agungputra\Documents\Skripshit\persetujuan_publikasi.aux)
(C:\Users\agungputra\Documents\Skripshit\abstrak.aux)
(C:\Users\agungputra\Documents\Skripshit\abstract.aux)
(C:\Users\agungputra\Documents\Skripshit\bab1.aux)
(C:\Users\agungputra\Documents\Skripshit\bab2.aux)
(C:\Users\agungputra\Documents\Skripshit\bab3.aux)
(C:\Users\agungputra\Documents\Skripshit\bab4.aux)
(C:\Users\agungputra\Documents\Skripshit\kesimpulan.aux)
(C:\Users\agungputra\Documents\Skripshit\pustaka.aux)
(C:\Users\agungputra\Documents\Skripshit\markLampiran.aux)
(C:\Users\agungputra\Documents\Skripshit\lampiran.aux))
Package atveryend Info: Executing hook `AtVeryEndDocument' on input line 143.
Package atveryend Info: Executing hook `AtEndAfterFileList' on input line 143.
Package rerunfilecheck Info: File `thesis.out' has not changed.
(rerunfilecheck)             Checksum: C99E8F99810E4285E3A1BEFEBB925C00;3132.


LaTeX Warning: There were multiply-defined labels.

Package atveryend Info: Empty hook `AtVeryVeryEnd' on input line 143.
 ) 
Here is how much of TeX's memory you used:
 11364 strings out of 493921
 169636 string characters out of 3147268
 435517 words of memory out of 3000000
 13784 multiletter control sequences out of 15000+200000
 31484 words of font info for 62 fonts, out of 3000000 for 9000
 913 hyphenation exceptions out of 8191
 44i,19n,56p,1941b,1788s stack positions out of 5000i,500n,10000p,200000b,50000s
{C:/Program Files/MiKTeX 2.9/fonts/enc/dvips/fontname/8r.enc}<C:/Program File
s/MiKTeX 2.9/fonts/type1/public/amsfonts/cm/cmsy10.pfb><C:/Program Files/MiKTeX
 2.9/fonts/type1/urw/courier/ucrb8a.pfb><C:/Program Files/MiKTeX 2.9/fonts/type
1/urw/courier/ucrr8a.pfb><C:/Program Files/MiKTeX 2.9/fonts/type1/urw/times/utm
b8a.pfb><C:/Program Files/MiKTeX 2.9/fonts/type1/urw/times/utmbi8a.pfb><C:/Prog
ram Files/MiKTeX 2.9/fonts/type1/urw/times/utmr8a.pfb><C:/Program Files/MiKTeX 
2.9/fonts/type1/urw/times/utmri8a.pfb>
Output written on thesis.pdf (72 pages, 1256283 bytes).
PDF statistics:
 1373 PDF objects out of 1440 (max. 8388607)
 507 named destinations out of 1000 (max. 500000)
 496 words of extra memory for PDF output out of 10000 (max. 10000000)

